
VCFtools - 0.1.14
(C) Adam Auton and Anthony Marcketta 2009

Parameters as interpreted:
	--gzvcf Thies_all_manual.PASS.Cls.miss0.5.LMRG.HAP.vcf.gz
	--out Thies_all_manual.PASS.Cls.miss0.5.LMRG.HAP.incTriallelic
	--plink

Using zlib version: 1.2.3
Versions of zlib >= 1.2.4 will be *much* faster when reading zipped VCF files.
After filtering, kept 18 out of 18 Individuals
Writing PLINK PED and MAP files ... 

Unrecognized values used for CHROM: PFC10_API_IRAB - Replacing with 0.
	PLINK: Only outputting biallelic loci.

Unrecognized values used for CHROM: Pf3D7_01_v3 - Replacing with 0.

Unrecognized values used for CHROM: Pf3D7_02_v3 - Replacing with 0.

Unrecognized values used for CHROM: Pf3D7_03_v3 - Replacing with 0.

Unrecognized values used for CHROM: Pf3D7_04_v3 - Replacing with 0.

Unrecognized values used for CHROM: Pf3D7_05_v3 - Replacing with 0.

Unrecognized values used for CHROM: Pf3D7_06_v3 - Replacing with 0.

Unrecognized values used for CHROM: Pf3D7_07_v3 - Replacing with 0.

Unrecognized values used for CHROM: Pf3D7_08_v3 - Replacing with 0.

Unrecognized values used for CHROM: Pf3D7_09_v3 - Replacing with 0.

Unrecognized values used for CHROM: Pf3D7_10_v3 - Replacing with 0.

Unrecognized values used for CHROM: Pf3D7_11_v3 - Replacing with 0.

Unrecognized values used for CHROM: Pf3D7_12_v3 - Replacing with 0.

Unrecognized values used for CHROM: Pf3D7_13_v3 - Replacing with 0.

Unrecognized values used for CHROM: Pf3D7_14_v3 - Replacing with 0.
Done.
After filtering, kept 35940 out of a possible 35940 Sites
Run Time = 1.00 seconds
