
VCFtools - v0.1.12b
(C) Adam Auton and Anthony Marcketta 2009

Parameters as interpreted:
	--vcf GATK_calls_daniels_Thies.vcf
	--out GATK_calls_daniels_Thies
	--plink

After filtering, kept 18 out of 18 Individuals
Writing PLINK PED and MAP files ... 

Unrecognized values used for CHROM: Pf3D7_01_v3 - Replacing with 0.


Unrecognized values used for CHROM: Pf3D7_02_v3 - Replacing with 0.


Unrecognized values used for CHROM: Pf3D7_04_v3 - Replacing with 0.


Unrecognized values used for CHROM: Pf3D7_06_v3 - Replacing with 0.


Unrecognized values used for CHROM: Pf3D7_07_v3 - Replacing with 0.


Unrecognized values used for CHROM: Pf3D7_08_v3 - Replacing with 0.


Unrecognized values used for CHROM: Pf3D7_09_v3 - Replacing with 0.


Unrecognized values used for CHROM: Pf3D7_10_v3 - Replacing with 0.


Unrecognized values used for CHROM: Pf3D7_13_v3 - Replacing with 0.

Done.
After filtering, kept 20 out of a possible 20 Sites
Run Time = 0.00 seconds
