
VCFtools - v0.1.10
(C) Adam Auton 2009

Parameters as interpreted:
	--gzvcf 3D7DD2_all.REFCALL.vcf.gz
	--out 3D7DD2_all.REFCALL.CALLABLE
	--recode
	--bed qDD2vr3D7.callable.blocks5k.bed

Using zlib version: 1.2.6
VCF index is older than VCF file. Will regenerate.
Building new index file.
	Scanning Chromosome: M76611
	Scanning Chromosome: PFC10_API_IRAB
	Scanning Chromosome: Pf3D7_01_v3
	Warning - file contains entries with the same position. These entries will be processed separately.

	Scanning Chromosome: Pf3D7_02_v3
	Scanning Chromosome: Pf3D7_03_v3
	Scanning Chromosome: Pf3D7_04_v3
	Scanning Chromosome: Pf3D7_05_v3
	Scanning Chromosome: Pf3D7_06_v3
	Scanning Chromosome: Pf3D7_07_v3
	Scanning Chromosome: Pf3D7_08_v3
	Scanning Chromosome: Pf3D7_09_v3
	Scanning Chromosome: Pf3D7_10_v3
	Scanning Chromosome: Pf3D7_11_v3
	Scanning Chromosome: Pf3D7_12_v3
	Scanning Chromosome: Pf3D7_13_v3
	Scanning Chromosome: Pf3D7_14_v3
Writing Index file.
File contains 550484 entries and 16 individuals.
Applying Required Filters.
Filtering sites by BED file
	Read 3340 BED file entries.
After filtering, kept 16 out of 16 Individuals
After filtering, kept 333487 out of a possible 550484 Sites
Outputting VCF file... Done
Run Time = 32.00 seconds
